Using pre-set license
Built from '2020.3/staging' branch; Version is '2020.3.17f1 (a4537701e4ab) revision 10769271'; Using compiler version '192528614'; Build Type 'Release'
OS: 'Windows 10 Home; OS build 22631.3880; Version 2009; 64bit' Language: 'ko' Physical Memory: 16310 MB
BatchMode: 1, IsHumanControllingUs: 0, StartBugReporterOnCrash: 0, Is64bit: 1, IsPro: 0

COMMAND LINE ARGUMENTS:
C:\Program Files\Unity\Hub\Editor\2020.3.17f1\Editor\Unity.exe
-adb2
-batchMode
-noUpm
-name
AssetImportWorker4
-projectPath
C:/Users/bangy/OneDrive/바탕 화면/유니티Pr/Running Ball
-logFile
Logs/AssetImportWorker4.log
-srvPort
49386
Successfully changed project path to: C:/Users/bangy/OneDrive/바탕 화면/유니티Pr/Running Ball
C:/Users/bangy/OneDrive/바탕 화면/유니티Pr/Running Ball
Using Asset Import Pipeline V2.
Refreshing native plugins compatible for Editor in 20.86 ms, found 2 plugins.
Preloading 0 native plugins for Editor in 0.00 ms.
Initialize engine version: 2020.3.17f1 (a4537701e4ab)
[Subsystems] Discovering subsystems at path C:/Program Files/Unity/Hub/Editor/2020.3.17f1/Editor/Data/Resources/UnitySubsystems
[Subsystems] Discovering subsystems at path C:/Users/bangy/OneDrive/바탕 화면/유니티Pr/Running Ball/Assets
GfxDevice: creating device client; threaded=0
Direct3D:
    Version:  Direct3D 11.0 [level 11.1]
    Renderer: NVIDIA GeForce RTX 3050 (ID=0x2507)
    Vendor:   
    VRAM:     8070 MB
    Driver:   30.0.15.1179
Initialize mono
Mono path[0] = 'C:/Program Files/Unity/Hub/Editor/2020.3.17f1/Editor/Data/Managed'
Mono path[1] = 'C:/Program Files/Unity/Hub/Editor/2020.3.17f1/Editor/Data/MonoBleedingEdge/lib/mono/unityjit'
Mono config path = 'C:/Program Files/Unity/Hub/Editor/2020.3.17f1/Editor/Data/MonoBleedingEdge/etc'
Using monoOptions --debugger-agent=transport=dt_socket,embedding=1,server=y,suspend=n,address=127.0.0.1:56880
Begin MonoManager ReloadAssembly
Registering precompiled unity dll's ...
Register platform support module: C:/Program Files/Unity/Hub/Editor/2020.3.17f1/Editor/Data/PlaybackEngines/WindowsStandaloneSupport/UnityEditor.WindowsStandalone.Extensions.dll
Registered in 0.001032 seconds.
Native extension for WindowsStandalone target not found
Refreshing native plugins compatible for Editor in 21.20 ms, found 2 plugins.
Preloading 0 native plugins for Editor in 0.00 ms.
Mono: successfully reloaded assembly
- Completed reload, in  1.503 seconds
Domain Reload Profiling:
	ReloadAssembly (1503ms)
		BeginReloadAssembly (37ms)
			ExecutionOrderSort (0ms)
			DisableScriptedObjects (0ms)
			BackupInstance (0ms)
			ReleaseScriptingObjects (0ms)
			CreateAndSetChildDomain (1ms)
		EndReloadAssembly (268ms)
			LoadAssemblies (35ms)
			RebuildTransferFunctionScriptingTraits (0ms)
			SetupTypeCache (98ms)
			ReleaseScriptCaches (0ms)
			RebuildScriptCaches (19ms)
			SetupLoadedEditorAssemblies (103ms)
				LogAssemblyErrors (0ms)
				InitializePlatformSupportModulesInManaged (3ms)
				SetLoadedEditorAssemblies (0ms)
				RefreshPlugins (21ms)
				BeforeProcessingInitializeOnLoad (5ms)
				ProcessInitializeOnLoadAttributes (54ms)
				ProcessInitializeOnLoadMethodAttributes (19ms)
				AfterProcessingInitializeOnLoad (0ms)
				EditorAssembliesLoaded (0ms)
			ExecutionOrderSort2 (0ms)
			AwakeInstancesAfterBackupRestoration (0ms)
Platform modules already initialized, skipping
Registering precompiled user dll's ...
Registered in 0.002503 seconds.
Begin MonoManager ReloadAssembly
Native extension for WindowsStandalone target not found
Refreshing native plugins compatible for Editor in 0.30 ms, found 2 plugins.
Preloading 0 native plugins for Editor in 0.00 ms.
Mono: successfully reloaded assembly
- Completed reload, in  1.845 seconds
Domain Reload Profiling:
	ReloadAssembly (1846ms)
		BeginReloadAssembly (91ms)
			ExecutionOrderSort (0ms)
			DisableScriptedObjects (3ms)
			BackupInstance (0ms)
			ReleaseScriptingObjects (0ms)
			CreateAndSetChildDomain (13ms)
		EndReloadAssembly (1711ms)
			LoadAssemblies (1122ms)
			RebuildTransferFunctionScriptingTraits (0ms)
			SetupTypeCache (181ms)
			ReleaseScriptCaches (0ms)
			RebuildScriptCaches (26ms)
			SetupLoadedEditorAssemblies (312ms)
				LogAssemblyErrors (0ms)
				InitializePlatformSupportModulesInManaged (4ms)
				SetLoadedEditorAssemblies (0ms)
				RefreshPlugins (0ms)
				BeforeProcessingInitializeOnLoad (44ms)
				ProcessInitializeOnLoadAttributes (256ms)
				ProcessInitializeOnLoadMethodAttributes (4ms)
				AfterProcessingInitializeOnLoad (4ms)
				EditorAssembliesLoaded (0ms)
			ExecutionOrderSort2 (0ms)
			AwakeInstancesAfterBackupRestoration (4ms)
Platform modules already initialized, skipping
========================================================================
Worker process is ready to serve import requests
Launched and connected shader compiler UnityShaderCompiler.exe after 0.23 seconds
Refreshing native plugins compatible for Editor in 0.32 ms, found 2 plugins.
Preloading 0 native plugins for Editor in 0.00 ms.
Unloading 1420 Unused Serialized files (Serialized files now loaded: 0)
System memory in use before: 67.5 MB.
System memory in use after: 67.6 MB.

Unloading 18 unused Assets to reduce memory usage. Loaded Objects now: 1854.
Total: 2.346600 ms (FindLiveObjects: 0.141200 ms CreateObjectMapping: 0.032900 ms MarkObjects: 2.123700 ms  DeleteObjects: 0.048000 ms)

AssetImportParameters requested are different than current active one (requested -> active):
  custom:framework-win-MediaFoundation: 216162199b28c13a410421893ffa2e32 -> 
  custom:video-decoder-ogg-theora: a1e56fd34408186e4bbccfd4996cb3dc -> 
  custom:container-muxer-webm: aa71ff27fc2769a1b78a27578f13a17b -> 
  custom:container-demuxer-webm: 4f35f7cbe854078d1ac9338744f61a02 -> 
  custom:container-demuxer-ogg: 62fdf1f143b41e24485cea50d1cbac27 -> 
  custom:video-encoder-webm-vp8: eb34c28f22e8b96e1ab97ce403110664 -> 
  custom:video-decoder-webm-vp8: 9c59270c3fd7afecdb556c50c9e8de78 -> 
  custom:audio-decoder-ogg-vorbis: bf7c407c2cedff20999df2af8eb42d56 -> 
  custom:audio-encoder-webm-vorbis: bf7c407c2cedff20999df2af8eb42d56 -> 
========================================================================
Received Import Request.
  path: Assets/Scripts/Area.cs
  artifactKey: Guid(ea3d8f838f84ade42aa0accca12827a6) Importer(815301076,1909f56bfc062723c751e8b465ee728b)
Start importing Assets/Scripts/Area.cs using Guid(ea3d8f838f84ade42aa0accca12827a6) Importer(815301076,1909f56bfc062723c751e8b465ee728b)  -> (artifact id: '04d0d47a2d43b06ba7597871b26b996d') in 0.269777 seconds 
  Import took 0.337838 seconds .

========================================================================
Received Import Request.
  Time since last request: 0.000177 seconds.
  path: Assets/Scripts/PlayerCollision.cs
  artifactKey: Guid(b0216defaebc2ab4192030508eedc208) Importer(815301076,1909f56bfc062723c751e8b465ee728b)
Start importing Assets/Scripts/PlayerCollision.cs using Guid(b0216defaebc2ab4192030508eedc208) Importer(815301076,1909f56bfc062723c751e8b465ee728b)  -> (artifact id: '4bd8eea83fe32a3ed8ea44ae4643c52a') in 0.016241 seconds 
  Import took 0.122671 seconds .

========================================================================
Received Import Request.
  Time since last request: 11696.027109 seconds.
  path: Assets/Scripts/Movement.cs
  artifactKey: Guid(166ce814c3bf82145824e617483c230f) Importer(815301076,1909f56bfc062723c751e8b465ee728b)
Start importing Assets/Scripts/Movement.cs using Guid(166ce814c3bf82145824e617483c230f) Importer(815301076,1909f56bfc062723c751e8b465ee728b)  -> (artifact id: 'cf1caba136acf7d3c897cd99b3e85ffa') in 0.007034 seconds 
  Import took 0.036087 seconds .

========================================================================
Received Import Request.
  Time since last request: 3.779831 seconds.
  path: Assets/Scripts/GameController.cs
  artifactKey: Guid(d89c8838a0b4310479ec517a8703a747) Importer(815301076,1909f56bfc062723c751e8b465ee728b)
Start importing Assets/Scripts/GameController.cs using Guid(d89c8838a0b4310479ec517a8703a747) Importer(815301076,1909f56bfc062723c751e8b465ee728b)  -> (artifact id: '1fa2c1f858dbfb64b87759b1b0bf0d84') in 0.006157 seconds 
  Import took 0.075173 seconds .

========================================================================
Received Import Request.
  Time since last request: 49.409732 seconds.
  path: Assets/Scripts/AreaSpawner.cs
  artifactKey: Guid(14c995d8a69ea0244abd9152989a3d2f) Importer(815301076,1909f56bfc062723c751e8b465ee728b)
Start importing Assets/Scripts/AreaSpawner.cs using Guid(14c995d8a69ea0244abd9152989a3d2f) Importer(815301076,1909f56bfc062723c751e8b465ee728b)  -> (artifact id: '7322e4ad5414d6c10f3d20ee1311f7aa') in 0.006410 seconds 
  Import took 0.017342 seconds .

========================================================================
Received Import Request.
  Time since last request: 0.035145 seconds.
  path: Assets/Scripts/AreaSpawner.cs
  artifactKey: Guid(14c995d8a69ea0244abd9152989a3d2f) Importer(815301076,1909f56bfc062723c751e8b465ee728b)
Start importing Assets/Scripts/AreaSpawner.cs using Guid(14c995d8a69ea0244abd9152989a3d2f) Importer(815301076,1909f56bfc062723c751e8b465ee728b)  -> (artifact id: '7322e4ad5414d6c10f3d20ee1311f7aa') in 0.001555 seconds 
  Import took 0.003185 seconds .

========================================================================
Received Import Request.
  Time since last request: 11.198030 seconds.
  path: Assets/Scripts/CameraController.cs
  artifactKey: Guid(426d109b3d429a94e91397536a48522c) Importer(815301076,1909f56bfc062723c751e8b465ee728b)
Start importing Assets/Scripts/CameraController.cs using Guid(426d109b3d429a94e91397536a48522c) Importer(815301076,1909f56bfc062723c751e8b465ee728b)  -> (artifact id: 'a289b8d24cb2363c5b2e0bd430e63d16') in 0.006455 seconds 
  Import took 0.071038 seconds .

AssetImportWorkerClient::OnTransportError - code=2 error=End of file
